<?xml version="1.0" encoding="UTF-8"?>
<!-- Generated by org.testng.reporters.JUnitReportReporter -->
<testsuite hostname="Build3" failures="0" tests="4" name="interview.testng.practice.Class1Annotations" time="0.007" errors="0" timestamp="2023-06-07T17:17:24 EDT" skipped="0">
  <testcase classname="interview.testng.practice.Class1Annotations" name="test2" time="0.002"/>
  <system-out/>
  <testcase classname="interview.testng.practice.Class1Annotations" name="test1" time="0.003"/>
  <system-out/>
  <testcase classname="interview.testng.practice.Class1Annotations" name="test3" time="0.001"/>
  <system-out/>
  <testcase classname="interview.testng.practice.Class1Annotations" name="test4" time="0.001"/>
  <system-out/>
</testsuite> <!-- interview.testng.practice.Class1Annotations -->
