<?xml version="1.0" encoding="UTF-8"?>
<!-- Generated by org.testng.reporters.JUnitReportReporter -->
<testsuite hostname="Build3" failures="0" tests="4" name="interview.testng.practice.Class3DataProvider" time="10.296" errors="0" timestamp="2023-06-14T12:46:15 EDT" skipped="0">
  <testcase classname="interview.testng.practice.Class3DataProvider" name="fromHardCoreValues" time="2.433"/>
  <system-out/>
  <testcase classname="interview.testng.practice.Class3DataProvider" name="fromHardCoreValues" time="2.281"/>
  <system-out/>
  <testcase classname="interview.testng.practice.Class3DataProvider" name="fromHardCoreValues" time="2.260"/>
  <system-out/>
  <testcase classname="interview.testng.practice.Class3DataProvider" name="fromHardCoreValues" time="3.322"/>
  <system-out/>
</testsuite> <!-- interview.testng.practice.Class3DataProvider -->
