<?xml version="1.0" encoding="UTF-8"?>
<!-- Generated by org.testng.reporters.JUnitReportReporter -->
<testsuite hostname="Build3" failures="0" tests="2" name="interview.testng.practice.Class2Parameter" time="0.001" errors="0" timestamp="2023-06-07T17:17:24 EDT" skipped="0">
  <testcase classname="interview.testng.practice.Class2Parameter" name="test5" time="0.000"/>
  <system-out/>
  <testcase classname="interview.testng.practice.Class2Parameter" name="test6" time="0.001"/>
  <system-out/>
</testsuite> <!-- interview.testng.practice.Class2Parameter -->
